<?xml version="1.0" encoding="UTF-8"?>
<testsuite name="ServiceTestCase" tests="2" skipped="0" failures="0" errors="0" timestamp="2023-02-28T21:39:18" hostname="EPHRZAGW00B7" time="0.032">
  <properties/>
  <testcase name="test1()" classname="ServiceTestCase" time="0.029"/>
  <testcase name="test2()" classname="ServiceTestCase" time="0.002"/>
  <system-out><![CDATA[String is printed from 'service' project: TEST
]]></system-out>
  <system-err><![CDATA[]]></system-err>
</testsuite>
