<?xml version="1.0" encoding="UTF-8"?>
<testsuite name="MainServiceTestCase" tests="1" skipped="0" failures="0" errors="0" timestamp="2023-02-28T21:37:47" hostname="EPHRZAGW00B7" time="0.009">
  <properties/>
  <testcase name="test1()" classname="MainServiceTestCase" time="0.009"/>
  <system-out><![CDATA[]]></system-out>
  <system-err><![CDATA[]]></system-err>
</testsuite>
